<?xml version="1.0" encoding="UTF-8"?>
<testng-results ignored="0" total="2" passed="2" failed="0" skipped="0">
  <reporter-output>
    <line>
      <![CDATA[Log: Driver session is created]]>
    </line>
    <line>
      <![CDATA[Log: Apllication is open]]>
    </line>
    <line>
      <![CDATA[Log: Login page is open]]>
    </line>
    <line>
      <![CDATA[Log:Login is completed with valid data set]]>
    </line>
  </reporter-output>
  <suite started-at="2024-06-27T12:03:15 IST" name="Suite" finished-at="2024-06-27T12:03:33 IST" duration-ms="17927">
    <groups>
    </groups>
    <test started-at="2024-06-27T12:03:15 IST" name="Test" finished-at="2024-06-27T12:03:33 IST" duration-ms="17927">
      <class name="com.SwagLabs.TestCases.OverviewPageTest">
        <test-method is-config="true" signature="reports()[pri:0, instance:com.SwagLabs.TestCases.OverviewPageTest@59fd97a8]" started-at="2024-06-27T12:03:15 IST" name="reports" finished-at="2024-06-27T12:03:15 IST" duration-ms="170" status="PASS">
          <reporter-output>
          </reporter-output>
        </test-method> <!-- reports -->
        <test-method is-config="true" signature="setUpBrowser()[pri:0, instance:com.SwagLabs.TestCases.OverviewPageTest@59fd97a8]" started-at="2024-06-27T12:03:15 IST" name="setUpBrowser" finished-at="2024-06-27T12:03:18 IST" duration-ms="2737" status="PASS">
          <reporter-output>
            <line>
              <![CDATA[Log: Driver session is created]]>
            </line>
            <line>
              <![CDATA[Log: Apllication is open]]>
            </line>
          </reporter-output>
        </test-method> <!-- setUpBrowser -->
        <test-method is-config="true" signature="pageSetUp()[pri:0, instance:com.SwagLabs.TestCases.OverviewPageTest@59fd97a8]" started-at="2024-06-27T12:03:18 IST" name="pageSetUp" finished-at="2024-06-27T12:03:32 IST" duration-ms="14683" status="PASS">
          <reporter-output>
            <line>
              <![CDATA[Log: Login page is open]]>
            </line>
            <line>
              <![CDATA[Log:Login is completed with valid data set]]>
            </line>
          </reporter-output>
        </test-method> <!-- pageSetUp -->
        <test-method signature="verifySummary()[pri:1, instance:com.SwagLabs.TestCases.OverviewPageTest@59fd97a8]" started-at="2024-06-27T12:03:32 IST" name="verifySummary" finished-at="2024-06-27T12:03:33 IST" duration-ms="233" status="PASS">
          <reporter-output>
          </reporter-output>
        </test-method> <!-- verifySummary -->
        <test-method signature="verifyOverview()[pri:2, instance:com.SwagLabs.TestCases.OverviewPageTest@59fd97a8]" started-at="2024-06-27T12:03:33 IST" name="verifyOverview" finished-at="2024-06-27T12:03:33 IST" duration-ms="229" status="PASS">
          <reporter-output>
          </reporter-output>
        </test-method> <!-- verifyOverview -->
        <test-method is-config="true" signature="exitReport()[pri:0, instance:com.SwagLabs.TestCases.OverviewPageTest@59fd97a8]" started-at="2024-06-27T12:03:33 IST" name="exitReport" finished-at="2024-06-27T12:03:34 IST" duration-ms="705" status="PASS">
          <reporter-output>
          </reporter-output>
        </test-method> <!-- exitReport -->
      </class> <!-- com.SwagLabs.TestCases.OverviewPageTest -->
    </test> <!-- Test -->
  </suite> <!-- Suite -->
</testng-results>
