<?xml version="1.0" encoding="UTF-8"?>
<testng-results ignored="0" total="2" passed="2" failed="0" skipped="0">
  <reporter-output>
    <line>
      <![CDATA[Log: Driver session is created]]>
    </line>
    <line>
      <![CDATA[Log: Apllication is open]]>
    </line>
    <line>
      <![CDATA[Log: Login page is open]]>
    </line>
    <line>
      <![CDATA[Log:Login is completed with valid data set]]>
    </line>
  </reporter-output>
  <suite started-at="2024-06-27T10:08:21 IST" name="Suite" finished-at="2024-06-27T10:08:42 IST" duration-ms="21337">
    <groups>
    </groups>
    <test started-at="2024-06-27T10:08:21 IST" name="Test" finished-at="2024-06-27T10:08:42 IST" duration-ms="21337">
      <class name="com.SwagLabs.TestCases.OverviewPageTest">
        <test-method is-config="true" signature="reports()[pri:0, instance:com.SwagLabs.TestCases.OverviewPageTest@750e2b97]" started-at="2024-06-27T10:08:20 IST" name="reports" finished-at="2024-06-27T10:08:21 IST" duration-ms="343" status="PASS">
          <reporter-output>
          </reporter-output>
        </test-method> <!-- reports -->
        <test-method is-config="true" signature="setUpBrowser()[pri:0, instance:com.SwagLabs.TestCases.OverviewPageTest@750e2b97]" started-at="2024-06-27T10:08:21 IST" name="setUpBrowser" finished-at="2024-06-27T10:08:27 IST" duration-ms="6084" status="PASS">
          <reporter-output>
            <line>
              <![CDATA[Log: Driver session is created]]>
            </line>
            <line>
              <![CDATA[Log: Apllication is open]]>
            </line>
          </reporter-output>
        </test-method> <!-- setUpBrowser -->
        <test-method is-config="true" signature="pageSetUp()[pri:0, instance:com.SwagLabs.TestCases.OverviewPageTest@750e2b97]" started-at="2024-06-27T10:08:27 IST" name="pageSetUp" finished-at="2024-06-27T10:08:41 IST" duration-ms="14761" status="PASS">
          <reporter-output>
            <line>
              <![CDATA[Log: Login page is open]]>
            </line>
            <line>
              <![CDATA[Log:Login is completed with valid data set]]>
            </line>
          </reporter-output>
        </test-method> <!-- pageSetUp -->
        <test-method signature="verifySummary()[pri:1, instance:com.SwagLabs.TestCases.OverviewPageTest@750e2b97]" started-at="2024-06-27T10:08:41 IST" name="verifySummary" finished-at="2024-06-27T10:08:42 IST" duration-ms="238" status="PASS">
          <reporter-output>
          </reporter-output>
        </test-method> <!-- verifySummary -->
        <test-method signature="verifyOverview()[pri:2, instance:com.SwagLabs.TestCases.OverviewPageTest@750e2b97]" started-at="2024-06-27T10:08:42 IST" name="verifyOverview" finished-at="2024-06-27T10:08:42 IST" duration-ms="203" status="PASS">
          <reporter-output>
          </reporter-output>
        </test-method> <!-- verifyOverview -->
        <test-method is-config="true" signature="exitReport()[pri:0, instance:com.SwagLabs.TestCases.OverviewPageTest@750e2b97]" started-at="2024-06-27T10:08:42 IST" name="exitReport" finished-at="2024-06-27T10:08:43 IST" duration-ms="686" status="PASS">
          <reporter-output>
          </reporter-output>
        </test-method> <!-- exitReport -->
      </class> <!-- com.SwagLabs.TestCases.OverviewPageTest -->
    </test> <!-- Test -->
  </suite> <!-- Suite -->
</testng-results>
